<?xml version="1.0" encoding="UTF-8"?>
<!-- Generated by org.testng.reporters.JUnitXMLReporter -->
<testsuite ignored="2" hostname="LAPTOP-QNMGACMU" failures="0" tests="2" name="Test" time="2.887" errors="0" timestamp="2023-04-22T21:50:18 IST">
  <testcase classname="com.testcases.SampleTest" name="testcase1" time="0.001"/>
  <testcase classname="com.testcases.SampleTest" name="testcase2" time="0.0"/>
  <testcase classname="com.base.BaseClass" name="@AfterTest tearDown" time="0.0">
    <ignored/>
  </testcase> <!-- @AfterTest tearDown -->
  <testcase classname="com.base.BaseClass" name="@BeforeTest setup" time="0.0">
    <ignored/>
  </testcase> <!-- @BeforeTest setup -->
</testsuite> <!-- Test -->
