<?xml version="1.0" encoding="UTF-8"?>
<testng-results ignored="2" total="4" passed="2" failed="0" skipped="0">
  <reporter-output>
  </reporter-output>
  <suite started-at="2023-04-22T21:50:15 IST" name="Suite" finished-at="2023-04-22T21:50:17 IST" duration-ms="2887">
    <groups>
    </groups>
    <test started-at="2023-04-22T21:50:15 IST" name="Test" finished-at="2023-04-22T21:50:17 IST" duration-ms="2887">
      <class name="com.testcases.SampleTest">
        <test-method signature="testcase1()[pri:0, instance:com.testcases.SampleTest@9353778]" started-at="2023-04-22T21:50:17 IST" name="testcase1" finished-at="2023-04-22T21:50:17 IST" duration-ms="1" status="PASS">
          <reporter-output>
          </reporter-output>
        </test-method> <!-- testcase1 -->
        <test-method signature="testcase2()[pri:0, instance:com.testcases.SampleTest@9353778]" started-at="2023-04-22T21:50:17 IST" name="testcase2" finished-at="2023-04-22T21:50:17 IST" duration-ms="0" status="PASS">
          <reporter-output>
          </reporter-output>
        </test-method> <!-- testcase2 -->
      </class> <!-- com.testcases.SampleTest -->
      <class name="com.base.BaseClass">
        <test-method is-config="true" signature="setup()[pri:0, instance:com.base.BaseClass@5bd03f44]" started-at="2023-04-22T21:50:15 IST" name="setup" finished-at="2023-04-22T21:50:17 IST" duration-ms="2701" status="PASS">
          <reporter-output>
          </reporter-output>
        </test-method> <!-- setup -->
        <test-method is-config="true" signature="tearDown()[pri:0, instance:com.base.BaseClass@5bd03f44]" started-at="2023-04-22T21:50:17 IST" name="tearDown" finished-at="2023-04-22T21:50:17 IST" duration-ms="156" status="PASS">
          <reporter-output>
          </reporter-output>
        </test-method> <!-- tearDown -->
      </class> <!-- com.base.BaseClass -->
    </test> <!-- Test -->
  </suite> <!-- Suite -->
</testng-results>
