<?xml version="1.0" encoding="UTF-8"?>
<testng-results ignored="0" total="2" passed="2" failed="0" skipped="0">
  <reporter-output>
  </reporter-output>
  <suite started-at="2023-04-22T21:48:43 IST" name="Default suite" finished-at="2023-04-22T21:48:45 IST" duration-ms="2335">
    <groups>
    </groups>
    <test started-at="2023-04-22T21:48:43 IST" name="Default test" finished-at="2023-04-22T21:48:45 IST" duration-ms="2335">
      <class name="com.testcases.SampleTest">
        <test-method is-config="true" signature="setup()[pri:0, instance:com.testcases.SampleTest@10683d9d]" started-at="2023-04-22T21:48:43 IST" name="setup" finished-at="2023-04-22T21:48:45 IST" duration-ms="2181" status="PASS">
          <reporter-output>
          </reporter-output>
        </test-method> <!-- setup -->
        <test-method signature="testcase1()[pri:0, instance:com.testcases.SampleTest@10683d9d]" started-at="2023-04-22T21:48:45 IST" name="testcase1" finished-at="2023-04-22T21:48:45 IST" duration-ms="4" status="PASS">
          <reporter-output>
          </reporter-output>
        </test-method> <!-- testcase1 -->
        <test-method signature="testcase2()[pri:0, instance:com.testcases.SampleTest@10683d9d]" started-at="2023-04-22T21:48:45 IST" name="testcase2" finished-at="2023-04-22T21:48:45 IST" duration-ms="1" status="PASS">
          <reporter-output>
          </reporter-output>
        </test-method> <!-- testcase2 -->
        <test-method is-config="true" signature="tearDown()[pri:0, instance:com.testcases.SampleTest@10683d9d]" started-at="2023-04-22T21:48:45 IST" name="tearDown" finished-at="2023-04-22T21:48:45 IST" duration-ms="129" status="PASS">
          <reporter-output>
          </reporter-output>
        </test-method> <!-- tearDown -->
      </class> <!-- com.testcases.SampleTest -->
    </test> <!-- Default test -->
  </suite> <!-- Default suite -->
</testng-results>
